Compilación iniciada a las 01/04/2013 22:20:52.
     1>Proyecto "C:\Users\Gerardo\dev\fingerprint\fingerprint\bass24\c\netradio\netradio.vcxproj" en el nodo 8 (build destinos).
     1>InitializeBuildStatus:
         Se creará "Release\netradio.unsuccessfulbuild" porque se especificó "AlwaysCreate".
       ClCompile:
         c:\Program Files (x86)\Microsoft Visual Studio 10.0\VC\bin\CL.exe /c /I.. /Zi /nologo /W1 /WX- /O2 /Oy- /D WIN32 /D NDEBUG /Gm- /EHsc /MD /GS /fp:precise /Zc:wchar_t /Zc:forScope /Fo"Release\\" /Fd"Release\vc100.pdb" /Gd /TC /analyze- /errorReport:prompt netradio.c
         netradio.c
       ResourceCompile:
         C:\Program Files (x86)\Microsoft SDKs\Windows\v7.0A\bin\rc.exe /l"0x0409" /nologo /fo"Release\netradio.res" netradio.rc 
       Link:
         c:\Program Files (x86)\Microsoft Visual Studio 10.0\VC\bin\link.exe /ERRORREPORT:PROMPT /OUT:"..\bin\netradio.exe" /NOLOGO user32.lib kernel32.lib user32.lib gdi32.lib winspool.lib comdlg32.lib advapi32.lib shell32.lib ole32.lib oleaut32.lib uuid.lib odbc32.lib odbccp32.lib /MANIFEST /ManifestFile:"Release\netradio.exe.intermediate.manifest" /MANIFESTUAC:"level='asInvoker' uiAccess='false'" /PDB:"C:\Users\Gerardo\dev\fingerprint\fingerprint\bass24\c\bin\netradio.pdb" /SUBSYSTEM:WINDOWS /TLBID:1 /DYNAMICBASE /NXCOMPAT /IMPLIB:"..\bin\netradio.lib" /MACHINE:X86 Release\netradio.res
         Release\netradio.obj
         ..\bass.lib
         netradio.vcxproj -> C:\Users\Gerardo\dev\fingerprint\fingerprint\bass24\c\netradio\..\bin\netradio.exe
       Manifest:
         C:\Program Files (x86)\Microsoft SDKs\Windows\v7.0A\bin\mt.exe /nologo /verbose /outputresource:"..\bin\netradio.exe;#1" /manifest Release\netradio.exe.intermediate.manifest
       FinalizeBuildStatus:
         Se eliminará el archivo "Release\netradio.unsuccessfulbuild".
         Aplicando tarea Touch a "Release\netradio.lastbuildstate".
     1>Compilación del proyecto terminada "C:\Users\Gerardo\dev\fingerprint\fingerprint\bass24\c\netradio\netradio.vcxproj" (build destinos).

Compilación correcta.

Tiempo transcurrido 00:00:01.92
